<!DOCTYPE html PUBLIC "-//W3C//DTD XHTML 1.1//EN" "https://www.w3.org/TR/xhtml11/DTD/xhtml11.dtd">
<html xmlns="https://www.w3.org/1999/xhtml">
<head>
<meta http-equiv="content-type" content="text/html; charset=UTF-8"/>
<title>TestNG Report</title>
<style type="text/css">table {margin-bottom:10px;border-collapse:collapse;empty-cells:show}th,td {border:1px solid #009;padding:.25em .5em}th {vertical-align:bottom}td {vertical-align:top}table a {font-weight:bold}.stripe td {background-color: #E6EBF9}.num {text-align:right}.passedodd td {background-color: #3F3}.passedeven td {background-color: #0A0}.skippedodd td {background-color: #DDD}.skippedeven td {background-color: #CCC}.failedodd td,.attn {background-color: #F33}.failedeven td,.stripe .attn {background-color: #D00}.stacktrace {white-space:pre;font-family:monospace}.totop {font-size:85%;text-align:center;border-bottom:2px solid #000}.invisible {display:none}</style>
</head>
<body>
<table>
<tr><th>Test</th><th># Passed</th><th># Skipped</th><th># Retried</th><th># Failed</th><th>Time (ms)</th><th>Included Groups</th><th>Excluded Groups</th></tr>
<tr><th colspan="8">RestAssuredSuite</th></tr>
<tr><td><a href="#t0">RestAssuredTest</a></td><td class="num">6</td><td class="num">0</td><td class="num">0</td><td class="num attn">8</td><td class="num">22,440</td><td></td><td></td></tr>
</table>
<table id='summary'><thead><tr><th>Class</th><th>Method</th><th>Start</th><th>Time (ms)</th></tr></thead><tbody><tr><th colspan="4">RestAssuredSuite</th></tr></tbody><tbody id="t0"><tr><th colspan="4">RestAssuredTest &#8212; failed</th></tr><tr class="failedeven"><td rowspan="5">api.tests.DDTests</td><td><a href="#m0">testDeleteUserByName</a></td><td rowspan="5">1698334150630</td><td rowspan="5">1141</td></tr><tr class="failedeven"><td><a href="#m1">testDeleteUserByName</a></td></tr><tr class="failedeven"><td><a href="#m2">testDeleteUserByName</a></td></tr><tr class="failedeven"><td><a href="#m3">testDeleteUserByName</a></td></tr><tr class="failedeven"><td><a href="#m4">testDeleteUserByName</a></td></tr><tr class="failedodd"><td rowspan="3">api.tests.UserTests</td><td><a href="#m5">testDeleteuser</a></td><td rowspan="1">1698334160829</td><td rowspan="1">1181</td></tr><tr class="failedodd"><td><a href="#m6">testUpdateUser</a></td><td rowspan="1">1698334158433</td><td rowspan="1">2391</td></tr><tr class="failedodd"><td><a href="#m7">testgetUser</a></td><td rowspan="1">1698334156978</td><td rowspan="1">1448</td></tr><tr><th colspan="4">RestAssuredTest &#8212; passed</th></tr><tr class="passedeven"><td rowspan="5">api.tests.DDTests</td><td><a href="#m8">testPostuser</a></td><td rowspan="5">1698334145038</td><td rowspan="5">1151</td></tr><tr class="passedeven"><td><a href="#m9">testPostuser</a></td></tr><tr class="passedeven"><td><a href="#m10">testPostuser</a></td></tr><tr class="passedeven"><td><a href="#m11">testPostuser</a></td></tr><tr class="passedeven"><td><a href="#m12">testPostuser</a></td></tr><tr class="passedodd"><td rowspan="1">api.tests.UserTests</td><td><a href="#m13">testPostUser</a></td><td rowspan="1">1698334155704</td><td rowspan="1">1271</td></tr></tbody>
</table>
<h2>RestAssuredTest</h2><h3 id="m0">api.tests.DDTests#testDeleteUserByName</h3><table class="result"><tr class="param"><th>Parameter #1</th></tr><tr class="param stripe"><td>testuser2</td></tr><tr><th>Exception</th></tr><tr><td><div class="stacktrace">java.lang.AssertionError: expected [200] but found [404]
	at api.tests.DDTests.testDeleteUserByName(DDTests.java:37)
	at java.base/java.util.ArrayList.forEach(ArrayList.java:1511)
... Removed 33 stack frames</div></td></tr></table><p class="totop"><a href="#summary">back to summary</a></p>
<h3 id="m1">api.tests.DDTests#testDeleteUserByName</h3><table class="result"><tr class="param"><th>Parameter #1</th></tr><tr class="param stripe"><td>testuser1</td></tr><tr><th>Exception</th></tr><tr><td><div class="stacktrace">java.lang.AssertionError: expected [200] but found [404]
	at api.tests.DDTests.testDeleteUserByName(DDTests.java:37)
	at java.base/java.util.ArrayList.forEach(ArrayList.java:1511)
... Removed 33 stack frames</div></td></tr></table><p class="totop"><a href="#summary">back to summary</a></p>
<h3 id="m2">api.tests.DDTests#testDeleteUserByName</h3><table class="result"><tr class="param"><th>Parameter #1</th></tr><tr class="param stripe"><td>testuser3</td></tr><tr><th>Exception</th></tr><tr><td><div class="stacktrace">java.lang.AssertionError: expected [200] but found [404]
	at api.tests.DDTests.testDeleteUserByName(DDTests.java:37)
	at java.base/java.util.ArrayList.forEach(ArrayList.java:1511)
... Removed 33 stack frames</div></td></tr></table><p class="totop"><a href="#summary">back to summary</a></p>
<h3 id="m3">api.tests.DDTests#testDeleteUserByName</h3><table class="result"><tr class="param"><th>Parameter #1</th></tr><tr class="param stripe"><td>testuser4</td></tr><tr><th>Exception</th></tr><tr><td><div class="stacktrace">java.lang.AssertionError: expected [200] but found [404]
	at api.tests.DDTests.testDeleteUserByName(DDTests.java:37)
	at java.base/java.util.ArrayList.forEach(ArrayList.java:1511)
... Removed 33 stack frames</div></td></tr></table><p class="totop"><a href="#summary">back to summary</a></p>
<h3 id="m4">api.tests.DDTests#testDeleteUserByName</h3><table class="result"><tr class="param"><th>Parameter #1</th></tr><tr class="param stripe"><td>testuser5</td></tr><tr><th>Exception</th></tr><tr><td><div class="stacktrace">java.lang.AssertionError: expected [200] but found [404]
	at api.tests.DDTests.testDeleteUserByName(DDTests.java:37)
	at java.base/java.util.ArrayList.forEach(ArrayList.java:1511)
... Removed 33 stack frames</div></td></tr></table><p class="totop"><a href="#summary">back to summary</a></p>
<h3 id="m5">api.tests.UserTests#testDeleteuser</h3><table class="result"><tr><th>Exception</th></tr><tr><td><div class="stacktrace">java.lang.AssertionError: expected [200] but found [404]
	at api.tests.UserTests.testDeleteuser(UserTests.java:64)
	at java.base/java.util.ArrayList.forEach(ArrayList.java:1511)
... Removed 33 stack frames</div></td></tr></table><p class="totop"><a href="#summary">back to summary</a></p>
<h3 id="m6">api.tests.UserTests#testUpdateUser</h3><table class="result"><tr><th>Exception</th></tr><tr><td><div class="stacktrace">java.lang.AssertionError: expected [200] but found [404]
	at api.tests.UserTests.testUpdateUser(UserTests.java:58)
	at java.base/java.util.ArrayList.forEach(ArrayList.java:1511)
... Removed 33 stack frames</div></td></tr></table><p class="totop"><a href="#summary">back to summary</a></p>
<h3 id="m7">api.tests.UserTests#testgetUser</h3><table class="result"><tr><th>Exception</th></tr><tr><td><div class="stacktrace">java.lang.AssertionError: expected [200] but found [404]
	at api.tests.UserTests.testgetUser(UserTests.java:46)
	at java.base/java.util.ArrayList.forEach(ArrayList.java:1511)
... Removed 33 stack frames</div></td></tr></table><p class="totop"><a href="#summary">back to summary</a></p>
<h3 id="m8">api.tests.DDTests#testPostuser</h3><table class="result"><tr class="param"><th>Parameter #1</th><th>Parameter #2</th><th>Parameter #3</th><th>Parameter #4</th><th>Parameter #5</th><th>Parameter #6</th><th>Parameter #7</th></tr><tr class="param stripe"><td>1030</td><td>testuser3</td><td>Smith</td><td>Par</td><td>c@gmail.com</td><td>test@3</td><td>9943500</td></tr></table><p class="totop"><a href="#summary">back to summary</a></p>
<h3 id="m9">api.tests.DDTests#testPostuser</h3><table class="result"><tr class="param"><th>Parameter #1</th><th>Parameter #2</th><th>Parameter #3</th><th>Parameter #4</th><th>Parameter #5</th><th>Parameter #6</th><th>Parameter #7</th></tr><tr class="param stripe"><td>1010</td><td>testuser1</td><td>John</td><td>Lassa</td><td>a@gmail.com</td><td>test@1</td><td>9943500</td></tr></table><p class="totop"><a href="#summary">back to summary</a></p>
<h3 id="m10">api.tests.DDTests#testPostuser</h3><table class="result"><tr class="param"><th>Parameter #1</th><th>Parameter #2</th><th>Parameter #3</th><th>Parameter #4</th><th>Parameter #5</th><th>Parameter #6</th><th>Parameter #7</th></tr><tr class="param stripe"><td>1040</td><td>testuser4</td><td>Ram</td><td>Lar</td><td>d@gmail.com</td><td>test@4</td><td>9943500</td></tr></table><p class="totop"><a href="#summary">back to summary</a></p>
<h3 id="m11">api.tests.DDTests#testPostuser</h3><table class="result"><tr class="param"><th>Parameter #1</th><th>Parameter #2</th><th>Parameter #3</th><th>Parameter #4</th><th>Parameter #5</th><th>Parameter #6</th><th>Parameter #7</th></tr><tr class="param stripe"><td>1020</td><td>testuser2</td><td>Kim</td><td>Lil</td><td>b@gmail.com</td><td>test@2</td><td>9943500</td></tr></table><p class="totop"><a href="#summary">back to summary</a></p>
<h3 id="m12">api.tests.DDTests#testPostuser</h3><table class="result"><tr class="param"><th>Parameter #1</th><th>Parameter #2</th><th>Parameter #3</th><th>Parameter #4</th><th>Parameter #5</th><th>Parameter #6</th><th>Parameter #7</th></tr><tr class="param stripe"><td>1050</td><td>testuser5</td><td>Rakesh</td><td>Lis</td><td>e@gmail.com</td><td>test@5</td><td>9943500</td></tr></table><p class="totop"><a href="#summary">back to summary</a></p>
<h3 id="m13">api.tests.UserTests#testPostUser</h3><table class="result"><tr><th class="invisible"/></tr></table><p class="totop"><a href="#summary">back to summary</a></p>
</body>
</html>
